<?xml version="1.0" encoding="UTF-8"?>
<!-- Generated by org.testng.reporters.JUnitReportReporter -->
<testsuite hostname="DESKTOP-4H86CTH" failures="0" tests="1" name="com.runner.RunnerLogin" time="0.095" errors="0" timestamp="2021-10-24T02:13:19 EDT" skipped="0">
  <testcase classname="com.runner.RunnerLogin" name="runScenario" time="0.095"/>
  <system-out/>
</testsuite> <!-- com.runner.RunnerLogin -->
