<?xml version="1.0" encoding="UTF-8"?>
<!-- Generated by org.testng.reporters.JUnitReportReporter -->
<testsuite hostname="DESKTOP-4H86CTH" failures="0" tests="1" name="com.smoke.LoginTestExecution" time="3.496" errors="0" timestamp="2021-10-23T23:46:23 EDT" skipped="0">
  <testcase classname="com.smoke.LoginTestExecution" name="testLogin" time="3.496"/>
  <system-out/>
</testsuite> <!-- com.smoke.LoginTestExecution -->
