<?xml version="1.0" encoding="UTF-8"?>
<!-- Generated by org.testng.reporters.JUnitReportReporter -->
<testsuite skipped="0" hostname="DESKTOP-4H86CTH" name="com.runner.RunnerLogin" tests="1" failures="0" timestamp="2023-01-12T19:27:03 EST" time="0.100" errors="0">
  <testcase name="runScenario" time="0.100" classname="com.runner.RunnerLogin"/>
  <system-out/>
</testsuite> <!-- com.runner.RunnerLogin -->
